{"/home/msecret/Development/sifter.js/lib/sifter.js":{"path":"/home/msecret/Development/sifter.js/lib/sifter.js","s":{"1":1,"2":1,"3":0,"4":1,"5":1,"6":0,"7":1,"8":22,"9":22,"10":1,"11":24,"12":24,"13":8,"14":16,"15":16,"16":16,"17":16,"18":24,"19":24,"20":24,"21":264,"22":264,"23":24,"24":16,"25":1,"26":14,"27":14,"28":14,"29":0,"30":0,"31":0,"32":0,"33":0,"34":0,"35":14,"36":1,"37":18,"38":18,"39":18,"40":18,"41":18,"42":18,"43":18,"44":134,"45":134,"46":14,"47":120,"48":120,"49":120,"50":91,"51":29,"52":29,"53":25,"54":29,"55":18,"56":18,"57":18,"58":0,"59":0,"60":18,"61":10,"62":9,"63":8,"64":50,"65":125,"66":50,"67":18,"68":7,"69":0,"70":11,"71":7,"72":20,"73":4,"74":1,"75":5,"76":5,"77":9,"78":9,"79":4,"80":5,"81":1,"82":3,"83":15,"84":30,"85":15,"86":1,"87":14,"88":14,"89":14,"90":14,"91":14,"92":92,"93":6,"94":86,"95":14,"96":14,"97":9,"98":12,"99":12,"100":14,"101":7,"102":7,"103":3,"104":1,"105":1,"106":7,"107":6,"108":7,"109":9,"110":0,"111":0,"112":14,"113":14,"114":18,"115":14,"116":14,"117":0,"118":14,"119":10,"120":10,"121":10,"122":26,"123":4,"124":15,"125":15,"126":20,"127":20,"128":20,"129":15,"130":0,"131":1,"132":49,"133":29,"134":20,"135":20,"136":20,"137":20,"138":20,"139":10,"140":20,"141":3,"142":20,"143":2,"144":20,"145":1,"146":14,"147":14,"148":14,"149":14,"150":14,"151":14,"152":14,"153":14,"154":7,"155":24,"156":24,"157":10,"158":7,"159":26,"160":14,"161":14,"162":14,"163":14,"164":14,"165":3,"166":14,"167":1,"168":46,"169":9,"170":37,"171":37,"172":37,"173":21,"174":16,"175":11,"176":5,"177":1,"178":20,"179":20,"180":20,"181":20,"182":1,"183":19,"184":37,"185":37,"186":20,"187":1,"188":24,"189":1,"190":24,"191":1,"192":0,"193":1,"194":1},"b":{"1":[0,1],"2":[1,0],"3":[1,0],"4":[22,22],"5":[24,8],"6":[8,16],"7":[24,16],"8":[24,0],"9":[264,0],"10":[14,0],"11":[14,0],"12":[0,0],"13":[14,120],"14":[120,0],"15":[91,29],"16":[25,4],"17":[0,18],"18":[10,8],"19":[7,11],"20":[7,4],"21":[1,3],"22":[4,5],"23":[14,7,13],"24":[6,86],"25":[9,5],"26":[12,0],"27":[12,9],"28":[7,7],"29":[1,2],"30":[6,1],"31":[0,9],"32":[8,10],"33":[0,14],"34":[10,4],"35":[15,5],"36":[29,20],"37":[10,10],"38":[20,19],"39":[3,17],"40":[20,10],"41":[2,18],"42":[20,2],"43":[20,7],"44":[14,14],"45":[7,7],"46":[10,14],"47":[24,21],"48":[14,0],"49":[3,11],"50":[9,37],"51":[46,9],"52":[5,4],"53":[2,2],"54":[37,0],"55":[37,0],"56":[21,16],"57":[11,5],"58":[1,19],"59":[37,0],"60":[1,0,0,0]},"f":{"1":1,"2":1,"3":22,"4":24,"5":14,"6":0,"7":0,"8":18,"9":134,"10":18,"11":0,"12":9,"13":50,"14":0,"15":20,"16":5,"17":15,"18":14,"19":92,"20":26,"21":15,"22":49,"23":14,"24":24,"25":26,"26":46,"27":20,"28":24,"29":24,"30":0},"fnMap":{"1":{"name":"(anonymous_1)","line":17,"loc":{"start":{"line":17,"column":1},"end":{"line":17,"column":25}}},"2":{"name":"(anonymous_2)","line":25,"loc":{"start":{"line":25,"column":8},"end":{"line":25,"column":19}}},"3":{"name":"(anonymous_3)","line":36,"loc":{"start":{"line":36,"column":14},"end":{"line":36,"column":40}}},"4":{"name":"(anonymous_4)","line":48,"loc":{"start":{"line":48,"column":29},"end":{"line":48,"column":45}}},"5":{"name":"(anonymous_5)","line":85,"loc":{"start":{"line":85,"column":29},"end":{"line":85,"column":56}}},"6":{"name":"(anonymous_6)","line":88,"loc":{"start":{"line":88,"column":41},"end":{"line":88,"column":60}}},"7":{"name":"(anonymous_7)","line":94,"loc":{"start":{"line":94,"column":14},"end":{"line":94,"column":33}}},"8":{"name":"(anonymous_8)","line":116,"loc":{"start":{"line":116,"column":37},"end":{"line":116,"column":63}}},"9":{"name":"(anonymous_9)","line":133,"loc":{"start":{"line":133,"column":19},"end":{"line":133,"column":42}}},"10":{"name":"(anonymous_10)","line":153,"loc":{"start":{"line":153,"column":21},"end":{"line":153,"column":32}}},"11":{"name":"(anonymous_11)","line":156,"loc":{"start":{"line":156,"column":11},"end":{"line":156,"column":22}}},"12":{"name":"(anonymous_12)","line":159,"loc":{"start":{"line":159,"column":11},"end":{"line":159,"column":33}}},"13":{"name":"(anonymous_13)","line":163,"loc":{"start":{"line":163,"column":10},"end":{"line":163,"column":32}}},"14":{"name":"(anonymous_14)","line":172,"loc":{"start":{"line":172,"column":10},"end":{"line":172,"column":21}}},"15":{"name":"(anonymous_15)","line":175,"loc":{"start":{"line":175,"column":10},"end":{"line":175,"column":25}}},"16":{"name":"(anonymous_16)","line":181,"loc":{"start":{"line":181,"column":10},"end":{"line":181,"column":25}}},"17":{"name":"(anonymous_17)","line":191,"loc":{"start":{"line":191,"column":10},"end":{"line":191,"column":25}}},"18":{"name":"(anonymous_18)","line":209,"loc":{"start":{"line":209,"column":36},"end":{"line":209,"column":62}}},"19":{"name":"(anonymous_19)","line":224,"loc":{"start":{"line":224,"column":15},"end":{"line":224,"column":38}}},"20":{"name":"(anonymous_20)","line":273,"loc":{"start":{"line":273,"column":10},"end":{"line":273,"column":25}}},"21":{"name":"(anonymous_21)","line":280,"loc":{"start":{"line":280,"column":10},"end":{"line":280,"column":25}}},"22":{"name":"(anonymous_22)","line":304,"loc":{"start":{"line":304,"column":34},"end":{"line":304,"column":59}}},"23":{"name":"(anonymous_23)","line":349,"loc":{"start":{"line":349,"column":27},"end":{"line":349,"column":52}}},"24":{"name":"(anonymous_24)","line":363,"loc":{"start":{"line":363,"column":29},"end":{"line":363,"column":48}}},"25":{"name":"(anonymous_25)","line":370,"loc":{"start":{"line":370,"column":29},"end":{"line":370,"column":48}}},"26":{"name":"(anonymous_26)","line":390,"loc":{"start":{"line":390,"column":11},"end":{"line":390,"column":26}}},"27":{"name":"(anonymous_27)","line":401,"loc":{"start":{"line":401,"column":14},"end":{"line":401,"column":29}}},"28":{"name":"(anonymous_28)","line":415,"loc":{"start":{"line":415,"column":12},"end":{"line":415,"column":26}}},"29":{"name":"(anonymous_29)","line":419,"loc":{"start":{"line":419,"column":20},"end":{"line":419,"column":34}}},"30":{"name":"(anonymous_30)","line":423,"loc":{"start":{"line":423,"column":53},"end":{"line":423,"column":70}}}},"statementMap":{"1":{"start":{"line":17,"column":0},"end":{"line":445,"column":4}},"2":{"start":{"line":18,"column":1},"end":{"line":24,"column":2}},"3":{"start":{"line":19,"column":2},"end":{"line":19,"column":18}},"4":{"start":{"line":20,"column":8},"end":{"line":24,"column":2}},"5":{"start":{"line":21,"column":2},"end":{"line":21,"column":29}},"6":{"start":{"line":23,"column":2},"end":{"line":23,"column":26}},"7":{"start":{"line":36,"column":1},"end":{"line":39,"column":3}},"8":{"start":{"line":37,"column":2},"end":{"line":37,"column":21}},"9":{"start":{"line":38,"column":2},"end":{"line":38,"column":49}},"10":{"start":{"line":48,"column":1},"end":{"line":72,"column":3}},"11":{"start":{"line":49,"column":2},"end":{"line":49,"column":50}},"12":{"start":{"line":50,"column":2},"end":{"line":50,"column":41}},"13":{"start":{"line":50,"column":31},"end":{"line":50,"column":41}},"14":{"start":{"line":52,"column":2},"end":{"line":52,"column":26}},"15":{"start":{"line":53,"column":2},"end":{"line":53,"column":18}},"16":{"start":{"line":54,"column":2},"end":{"line":54,"column":32}},"17":{"start":{"line":56,"column":2},"end":{"line":69,"column":3}},"18":{"start":{"line":57,"column":3},"end":{"line":57,"column":34}},"19":{"start":{"line":58,"column":3},"end":{"line":64,"column":4}},"20":{"start":{"line":59,"column":4},"end":{"line":63,"column":5}},"21":{"start":{"line":60,"column":5},"end":{"line":62,"column":6}},"22":{"start":{"line":61,"column":6},"end":{"line":61,"column":73}},"23":{"start":{"line":65,"column":3},"end":{"line":68,"column":6}},"24":{"start":{"line":71,"column":2},"end":{"line":71,"column":16}},"25":{"start":{"line":85,"column":1},"end":{"line":104,"column":3}},"26":{"start":{"line":86,"column":2},"end":{"line":86,"column":15}},"27":{"start":{"line":87,"column":2},"end":{"line":101,"column":3}},"28":{"start":{"line":88,"column":3},"end":{"line":92,"column":5}},"29":{"start":{"line":89,"column":4},"end":{"line":91,"column":5}},"30":{"start":{"line":90,"column":5},"end":{"line":90,"column":32}},"31":{"start":{"line":94,"column":3},"end":{"line":100,"column":5}},"32":{"start":{"line":95,"column":4},"end":{"line":99,"column":5}},"33":{"start":{"line":96,"column":5},"end":{"line":98,"column":6}},"34":{"start":{"line":97,"column":6},"end":{"line":97,"column":37}},"35":{"start":{"line":103,"column":2},"end":{"line":103,"column":37}},"36":{"start":{"line":116,"column":1},"end":{"line":198,"column":3}},"37":{"start":{"line":117,"column":2},"end":{"line":117,"column":40}},"38":{"start":{"line":119,"column":2},"end":{"line":119,"column":21}},"39":{"start":{"line":120,"column":2},"end":{"line":120,"column":52}},"40":{"start":{"line":121,"column":2},"end":{"line":121,"column":30}},"41":{"start":{"line":122,"column":2},"end":{"line":122,"column":38}},"42":{"start":{"line":123,"column":2},"end":{"line":123,"column":30}},"43":{"start":{"line":133,"column":2},"end":{"line":143,"column":4}},"44":{"start":{"line":134,"column":3},"end":{"line":134,"column":18}},"45":{"start":{"line":136,"column":3},"end":{"line":136,"column":24}},"46":{"start":{"line":136,"column":15},"end":{"line":136,"column":24}},"47":{"start":{"line":137,"column":3},"end":{"line":137,"column":31}},"48":{"start":{"line":138,"column":3},"end":{"line":138,"column":35}},"49":{"start":{"line":139,"column":3},"end":{"line":139,"column":28}},"50":{"start":{"line":139,"column":19},"end":{"line":139,"column":28}},"51":{"start":{"line":140,"column":3},"end":{"line":140,"column":46}},"52":{"start":{"line":141,"column":3},"end":{"line":141,"column":31}},"53":{"start":{"line":141,"column":18},"end":{"line":141,"column":31}},"54":{"start":{"line":142,"column":3},"end":{"line":142,"column":16}},"55":{"start":{"line":153,"column":2},"end":{"line":169,"column":7}},"56":{"start":{"line":154,"column":3},"end":{"line":154,"column":35}},"57":{"start":{"line":155,"column":3},"end":{"line":157,"column":4}},"58":{"start":{"line":156,"column":4},"end":{"line":156,"column":36}},"59":{"start":{"line":156,"column":24},"end":{"line":156,"column":33}},"60":{"start":{"line":158,"column":3},"end":{"line":162,"column":4}},"61":{"start":{"line":159,"column":4},"end":{"line":161,"column":6}},"62":{"start":{"line":160,"column":5},"end":{"line":160,"column":51}},"63":{"start":{"line":163,"column":3},"end":{"line":168,"column":5}},"64":{"start":{"line":164,"column":4},"end":{"line":166,"column":5}},"65":{"start":{"line":165,"column":5},"end":{"line":165,"column":51}},"66":{"start":{"line":167,"column":4},"end":{"line":167,"column":29}},"67":{"start":{"line":171,"column":2},"end":{"line":173,"column":3}},"68":{"start":{"line":172,"column":3},"end":{"line":172,"column":35}},"69":{"start":{"line":172,"column":23},"end":{"line":172,"column":32}},"70":{"start":{"line":174,"column":2},"end":{"line":178,"column":3}},"71":{"start":{"line":175,"column":3},"end":{"line":177,"column":5}},"72":{"start":{"line":176,"column":4},"end":{"line":176,"column":40}},"73":{"start":{"line":180,"column":2},"end":{"line":197,"column":3}},"74":{"start":{"line":181,"column":3},"end":{"line":189,"column":5}},"75":{"start":{"line":182,"column":4},"end":{"line":182,"column":14}},"76":{"start":{"line":183,"column":4},"end":{"line":187,"column":5}},"77":{"start":{"line":184,"column":5},"end":{"line":184,"column":42}},"78":{"start":{"line":185,"column":5},"end":{"line":185,"column":30}},"79":{"start":{"line":185,"column":21},"end":{"line":185,"column":30}},"80":{"start":{"line":186,"column":5},"end":{"line":186,"column":18}},"81":{"start":{"line":188,"column":4},"end":{"line":188,"column":29}},"82":{"start":{"line":191,"column":3},"end":{"line":196,"column":5}},"83":{"start":{"line":192,"column":4},"end":{"line":194,"column":5}},"84":{"start":{"line":193,"column":5},"end":{"line":193,"column":41}},"85":{"start":{"line":195,"column":4},"end":{"line":195,"column":29}},"86":{"start":{"line":209,"column":1},"end":{"line":293,"column":3}},"87":{"start":{"line":210,"column":2},"end":{"line":210,"column":104}},"88":{"start":{"line":212,"column":2},"end":{"line":212,"column":16}},"89":{"start":{"line":213,"column":2},"end":{"line":213,"column":47}},"90":{"start":{"line":214,"column":2},"end":{"line":214,"column":65}},"91":{"start":{"line":224,"column":2},"end":{"line":227,"column":4}},"92":{"start":{"line":225,"column":3},"end":{"line":225,"column":46}},"93":{"start":{"line":225,"column":26},"end":{"line":225,"column":46}},"94":{"start":{"line":226,"column":3},"end":{"line":226,"column":42}},"95":{"start":{"line":230,"column":2},"end":{"line":230,"column":14}},"96":{"start":{"line":231,"column":2},"end":{"line":237,"column":3}},"97":{"start":{"line":232,"column":3},"end":{"line":236,"column":4}},"98":{"start":{"line":233,"column":4},"end":{"line":235,"column":5}},"99":{"start":{"line":234,"column":5},"end":{"line":234,"column":26}},"100":{"start":{"line":241,"column":2},"end":{"line":259,"column":3}},"101":{"start":{"line":242,"column":3},"end":{"line":242,"column":25}},"102":{"start":{"line":243,"column":3},"end":{"line":248,"column":4}},"103":{"start":{"line":244,"column":4},"end":{"line":247,"column":5}},"104":{"start":{"line":245,"column":5},"end":{"line":245,"column":28}},"105":{"start":{"line":246,"column":5},"end":{"line":246,"column":11}},"106":{"start":{"line":249,"column":3},"end":{"line":251,"column":4}},"107":{"start":{"line":250,"column":4},"end":{"line":250,"column":57}},"108":{"start":{"line":253,"column":3},"end":{"line":258,"column":4}},"109":{"start":{"line":254,"column":4},"end":{"line":257,"column":5}},"110":{"start":{"line":255,"column":5},"end":{"line":255,"column":25}},"111":{"start":{"line":256,"column":5},"end":{"line":256,"column":11}},"112":{"start":{"line":261,"column":2},"end":{"line":261,"column":19}},"113":{"start":{"line":262,"column":2},"end":{"line":264,"column":3}},"114":{"start":{"line":263,"column":3},"end":{"line":263,"column":61}},"115":{"start":{"line":267,"column":2},"end":{"line":267,"column":31}},"116":{"start":{"line":268,"column":2},"end":{"line":292,"column":3}},"117":{"start":{"line":269,"column":3},"end":{"line":269,"column":15}},"118":{"start":{"line":270,"column":9},"end":{"line":292,"column":3}},"119":{"start":{"line":271,"column":3},"end":{"line":271,"column":27}},"120":{"start":{"line":272,"column":3},"end":{"line":272,"column":31}},"121":{"start":{"line":273,"column":3},"end":{"line":278,"column":5}},"122":{"start":{"line":274,"column":4},"end":{"line":277,"column":6}},"123":{"start":{"line":280,"column":3},"end":{"line":291,"column":5}},"124":{"start":{"line":281,"column":4},"end":{"line":281,"column":43}},"125":{"start":{"line":282,"column":4},"end":{"line":289,"column":5}},"126":{"start":{"line":283,"column":5},"end":{"line":283,"column":29}},"127":{"start":{"line":284,"column":5},"end":{"line":287,"column":7}},"128":{"start":{"line":288,"column":5},"end":{"line":288,"column":31}},"129":{"start":{"line":288,"column":17},"end":{"line":288,"column":31}},"130":{"start":{"line":290,"column":4},"end":{"line":290,"column":13}},"131":{"start":{"line":304,"column":1},"end":{"line":324,"column":3}},"132":{"start":{"line":305,"column":2},"end":{"line":305,"column":46}},"133":{"start":{"line":305,"column":33},"end":{"line":305,"column":46}},"134":{"start":{"line":307,"column":2},"end":{"line":307,"column":32}},"135":{"start":{"line":309,"column":2},"end":{"line":309,"column":41}},"136":{"start":{"line":310,"column":2},"end":{"line":310,"column":39}},"137":{"start":{"line":311,"column":2},"end":{"line":311,"column":45}},"138":{"start":{"line":313,"column":2},"end":{"line":313,"column":82}},"139":{"start":{"line":313,"column":49},"end":{"line":313,"column":82}},"140":{"start":{"line":314,"column":2},"end":{"line":314,"column":74}},"141":{"start":{"line":314,"column":45},"end":{"line":314,"column":74}},"142":{"start":{"line":315,"column":2},"end":{"line":315,"column":98}},"143":{"start":{"line":315,"column":57},"end":{"line":315,"column":98}},"144":{"start":{"line":317,"column":2},"end":{"line":323,"column":4}},"145":{"start":{"line":349,"column":1},"end":{"line":385,"column":3}},"146":{"start":{"line":350,"column":2},"end":{"line":350,"column":56}},"147":{"start":{"line":351,"column":2},"end":{"line":351,"column":14}},"148":{"start":{"line":352,"column":2},"end":{"line":352,"column":15}},"149":{"start":{"line":354,"column":2},"end":{"line":354,"column":47}},"150":{"start":{"line":355,"column":2},"end":{"line":355,"column":27}},"151":{"start":{"line":356,"column":2},"end":{"line":356,"column":25}},"152":{"start":{"line":359,"column":2},"end":{"line":359,"column":60}},"153":{"start":{"line":362,"column":2},"end":{"line":373,"column":3}},"154":{"start":{"line":363,"column":3},"end":{"line":368,"column":6}},"155":{"start":{"line":364,"column":4},"end":{"line":364,"column":27}},"156":{"start":{"line":365,"column":4},"end":{"line":367,"column":5}},"157":{"start":{"line":366,"column":5},"end":{"line":366,"column":51}},"158":{"start":{"line":370,"column":3},"end":{"line":372,"column":6}},"159":{"start":{"line":371,"column":4},"end":{"line":371,"column":46}},"160":{"start":{"line":375,"column":2},"end":{"line":375,"column":50}},"161":{"start":{"line":376,"column":2},"end":{"line":376,"column":42}},"162":{"start":{"line":376,"column":15},"end":{"line":376,"column":42}},"163":{"start":{"line":379,"column":2},"end":{"line":379,"column":37}},"164":{"start":{"line":380,"column":2},"end":{"line":382,"column":3}},"165":{"start":{"line":381,"column":3},"end":{"line":381,"column":55}},"166":{"start":{"line":384,"column":2},"end":{"line":384,"column":16}},"167":{"start":{"line":390,"column":1},"end":{"line":399,"column":3}},"168":{"start":{"line":391,"column":2},"end":{"line":393,"column":3}},"169":{"start":{"line":392,"column":3},"end":{"line":392,"column":39}},"170":{"start":{"line":394,"column":2},"end":{"line":394,"column":36}},"171":{"start":{"line":395,"column":2},"end":{"line":395,"column":36}},"172":{"start":{"line":396,"column":2},"end":{"line":396,"column":22}},"173":{"start":{"line":396,"column":13},"end":{"line":396,"column":22}},"174":{"start":{"line":397,"column":2},"end":{"line":397,"column":23}},"175":{"start":{"line":397,"column":13},"end":{"line":397,"column":23}},"176":{"start":{"line":398,"column":2},"end":{"line":398,"column":11}},"177":{"start":{"line":401,"column":1},"end":{"line":413,"column":3}},"178":{"start":{"line":402,"column":2},"end":{"line":402,"column":22}},"179":{"start":{"line":403,"column":2},"end":{"line":411,"column":3}},"180":{"start":{"line":404,"column":3},"end":{"line":404,"column":25}},"181":{"start":{"line":405,"column":3},"end":{"line":405,"column":25}},"182":{"start":{"line":405,"column":16},"end":{"line":405,"column":25}},"183":{"start":{"line":406,"column":3},"end":{"line":410,"column":4}},"184":{"start":{"line":407,"column":4},"end":{"line":409,"column":5}},"185":{"start":{"line":408,"column":5},"end":{"line":408,"column":22}},"186":{"start":{"line":412,"column":2},"end":{"line":412,"column":11}},"187":{"start":{"line":415,"column":1},"end":{"line":417,"column":3}},"188":{"start":{"line":416,"column":2},"end":{"line":416,"column":47}},"189":{"start":{"line":419,"column":1},"end":{"line":421,"column":3}},"190":{"start":{"line":420,"column":2},"end":{"line":420,"column":62}},"191":{"start":{"line":423,"column":1},"end":{"line":425,"column":3}},"192":{"start":{"line":424,"column":2},"end":{"line":424,"column":69}},"193":{"start":{"line":427,"column":1},"end":{"line":439,"column":3}},"194":{"start":{"line":444,"column":1},"end":{"line":444,"column":15}}},"branchMap":{"1":{"line":18,"type":"if","locations":[{"start":{"line":18,"column":1},"end":{"line":18,"column":1}},{"start":{"line":18,"column":1},"end":{"line":18,"column":1}}]},"2":{"line":18,"type":"binary-expr","locations":[{"start":{"line":18,"column":5},"end":{"line":18,"column":33}},{"start":{"line":18,"column":37},"end":{"line":18,"column":47}}]},"3":{"line":20,"type":"if","locations":[{"start":{"line":20,"column":8},"end":{"line":20,"column":8}},{"start":{"line":20,"column":8},"end":{"line":20,"column":8}}]},"4":{"line":38,"type":"binary-expr","locations":[{"start":{"line":38,"column":18},"end":{"line":38,"column":26}},{"start":{"line":38,"column":30},"end":{"line":38,"column":48}}]},"5":{"line":49,"type":"binary-expr","locations":[{"start":{"line":49,"column":22},"end":{"line":49,"column":27}},{"start":{"line":49,"column":31},"end":{"line":49,"column":33}}]},"6":{"line":50,"type":"if","locations":[{"start":{"line":50,"column":2},"end":{"line":50,"column":2}},{"start":{"line":50,"column":2},"end":{"line":50,"column":2}}]},"7":{"line":50,"type":"binary-expr","locations":[{"start":{"line":50,"column":6},"end":{"line":50,"column":12}},{"start":{"line":50,"column":16},"end":{"line":50,"column":29}}]},"8":{"line":58,"type":"if","locations":[{"start":{"line":58,"column":3},"end":{"line":58,"column":3}},{"start":{"line":58,"column":3},"end":{"line":58,"column":3}}]},"9":{"line":60,"type":"if","locations":[{"start":{"line":60,"column":5},"end":{"line":60,"column":5}},{"start":{"line":60,"column":5},"end":{"line":60,"column":5}}]},"10":{"line":87,"type":"if","locations":[{"start":{"line":87,"column":2},"end":{"line":87,"column":2}},{"start":{"line":87,"column":2},"end":{"line":87,"column":2}}]},"11":{"line":88,"type":"binary-expr","locations":[{"start":{"line":88,"column":14},"end":{"line":88,"column":37}},{"start":{"line":88,"column":41},"end":{"line":92,"column":4}}]},"12":{"line":96,"type":"if","locations":[{"start":{"line":96,"column":5},"end":{"line":96,"column":5}},{"start":{"line":96,"column":5},"end":{"line":96,"column":5}}]},"13":{"line":136,"type":"if","locations":[{"start":{"line":136,"column":3},"end":{"line":136,"column":3}},{"start":{"line":136,"column":3},"end":{"line":136,"column":3}}]},"14":{"line":137,"type":"binary-expr","locations":[{"start":{"line":137,"column":18},"end":{"line":137,"column":23}},{"start":{"line":137,"column":27},"end":{"line":137,"column":29}}]},"15":{"line":139,"type":"if","locations":[{"start":{"line":139,"column":3},"end":{"line":139,"column":3}},{"start":{"line":139,"column":3},"end":{"line":139,"column":3}}]},"16":{"line":141,"type":"if","locations":[{"start":{"line":141,"column":3},"end":{"line":141,"column":3}},{"start":{"line":141,"column":3},"end":{"line":141,"column":3}}]},"17":{"line":155,"type":"if","locations":[{"start":{"line":155,"column":3},"end":{"line":155,"column":3}},{"start":{"line":155,"column":3},"end":{"line":155,"column":3}}]},"18":{"line":158,"type":"if","locations":[{"start":{"line":158,"column":3},"end":{"line":158,"column":3}},{"start":{"line":158,"column":3},"end":{"line":158,"column":3}}]},"19":{"line":171,"type":"if","locations":[{"start":{"line":171,"column":2},"end":{"line":171,"column":2}},{"start":{"line":171,"column":2},"end":{"line":171,"column":2}}]},"20":{"line":174,"type":"if","locations":[{"start":{"line":174,"column":2},"end":{"line":174,"column":2}},{"start":{"line":174,"column":2},"end":{"line":174,"column":2}}]},"21":{"line":180,"type":"if","locations":[{"start":{"line":180,"column":2},"end":{"line":180,"column":2}},{"start":{"line":180,"column":2},"end":{"line":180,"column":2}}]},"22":{"line":185,"type":"if","locations":[{"start":{"line":185,"column":5},"end":{"line":185,"column":5}},{"start":{"line":185,"column":5},"end":{"line":185,"column":5}}]},"23":{"line":214,"type":"binary-expr","locations":[{"start":{"line":214,"column":12},"end":{"line":214,"column":25}},{"start":{"line":214,"column":29},"end":{"line":214,"column":47}},{"start":{"line":214,"column":52},"end":{"line":214,"column":64}}]},"24":{"line":225,"type":"if","locations":[{"start":{"line":225,"column":3},"end":{"line":225,"column":3}},{"start":{"line":225,"column":3},"end":{"line":225,"column":3}}]},"25":{"line":231,"type":"if","locations":[{"start":{"line":231,"column":2},"end":{"line":231,"column":2}},{"start":{"line":231,"column":2},"end":{"line":231,"column":2}}]},"26":{"line":233,"type":"if","locations":[{"start":{"line":233,"column":4},"end":{"line":233,"column":4}},{"start":{"line":233,"column":4},"end":{"line":233,"column":4}}]},"27":{"line":233,"type":"binary-expr","locations":[{"start":{"line":233,"column":8},"end":{"line":233,"column":20}},{"start":{"line":233,"column":24},"end":{"line":233,"column":50}}]},"28":{"line":241,"type":"if","locations":[{"start":{"line":241,"column":2},"end":{"line":241,"column":2}},{"start":{"line":241,"column":2},"end":{"line":241,"column":2}}]},"29":{"line":244,"type":"if","locations":[{"start":{"line":244,"column":4},"end":{"line":244,"column":4}},{"start":{"line":244,"column":4},"end":{"line":244,"column":4}}]},"30":{"line":249,"type":"if","locations":[{"start":{"line":249,"column":3},"end":{"line":249,"column":3}},{"start":{"line":249,"column":3},"end":{"line":249,"column":3}}]},"31":{"line":254,"type":"if","locations":[{"start":{"line":254,"column":4},"end":{"line":254,"column":4}},{"start":{"line":254,"column":4},"end":{"line":254,"column":4}}]},"32":{"line":263,"type":"cond-expr","locations":[{"start":{"line":263,"column":53},"end":{"line":263,"column":55}},{"start":{"line":263,"column":58},"end":{"line":263,"column":59}}]},"33":{"line":268,"type":"if","locations":[{"start":{"line":268,"column":2},"end":{"line":268,"column":2}},{"start":{"line":268,"column":2},"end":{"line":268,"column":2}}]},"34":{"line":270,"type":"if","locations":[{"start":{"line":270,"column":9},"end":{"line":270,"column":9}},{"start":{"line":270,"column":9},"end":{"line":270,"column":9}}]},"35":{"line":288,"type":"if","locations":[{"start":{"line":288,"column":5},"end":{"line":288,"column":5}},{"start":{"line":288,"column":5},"end":{"line":288,"column":5}}]},"36":{"line":305,"type":"if","locations":[{"start":{"line":305,"column":2},"end":{"line":305,"column":2}},{"start":{"line":305,"column":2},"end":{"line":305,"column":2}}]},"37":{"line":313,"type":"if","locations":[{"start":{"line":313,"column":2},"end":{"line":313,"column":2}},{"start":{"line":313,"column":2},"end":{"line":313,"column":2}}]},"38":{"line":313,"type":"binary-expr","locations":[{"start":{"line":313,"column":6},"end":{"line":313,"column":19}},{"start":{"line":313,"column":23},"end":{"line":313,"column":47}}]},"39":{"line":314,"type":"if","locations":[{"start":{"line":314,"column":2},"end":{"line":314,"column":2}},{"start":{"line":314,"column":2},"end":{"line":314,"column":2}}]},"40":{"line":314,"type":"binary-expr","locations":[{"start":{"line":314,"column":6},"end":{"line":314,"column":17}},{"start":{"line":314,"column":21},"end":{"line":314,"column":43}}]},"41":{"line":315,"type":"if","locations":[{"start":{"line":315,"column":2},"end":{"line":315,"column":2}},{"start":{"line":315,"column":2},"end":{"line":315,"column":2}}]},"42":{"line":315,"type":"binary-expr","locations":[{"start":{"line":315,"column":6},"end":{"line":315,"column":23}},{"start":{"line":315,"column":27},"end":{"line":315,"column":55}}]},"43":{"line":319,"type":"binary-expr","locations":[{"start":{"line":319,"column":20},"end":{"line":319,"column":25}},{"start":{"line":319,"column":29},"end":{"line":319,"column":31}}]},"44":{"line":359,"type":"binary-expr","locations":[{"start":{"line":359,"column":13},"end":{"line":359,"column":26}},{"start":{"line":359,"column":30},"end":{"line":359,"column":59}}]},"45":{"line":362,"type":"if","locations":[{"start":{"line":362,"column":2},"end":{"line":362,"column":2}},{"start":{"line":362,"column":2},"end":{"line":362,"column":2}}]},"46":{"line":365,"type":"if","locations":[{"start":{"line":365,"column":4},"end":{"line":365,"column":4}},{"start":{"line":365,"column":4},"end":{"line":365,"column":4}}]},"47":{"line":365,"type":"binary-expr","locations":[{"start":{"line":365,"column":8},"end":{"line":365,"column":32}},{"start":{"line":365,"column":36},"end":{"line":365,"column":45}}]},"48":{"line":376,"type":"if","locations":[{"start":{"line":376,"column":2},"end":{"line":376,"column":2}},{"start":{"line":376,"column":2},"end":{"line":376,"column":2}}]},"49":{"line":380,"type":"if","locations":[{"start":{"line":380,"column":2},"end":{"line":380,"column":2}},{"start":{"line":380,"column":2},"end":{"line":380,"column":2}}]},"50":{"line":391,"type":"if","locations":[{"start":{"line":391,"column":2},"end":{"line":391,"column":2}},{"start":{"line":391,"column":2},"end":{"line":391,"column":2}}]},"51":{"line":391,"type":"binary-expr","locations":[{"start":{"line":391,"column":6},"end":{"line":391,"column":27}},{"start":{"line":391,"column":31},"end":{"line":391,"column":52}}]},"52":{"line":392,"type":"cond-expr","locations":[{"start":{"line":392,"column":18},"end":{"line":392,"column":19}},{"start":{"line":392,"column":23},"end":{"line":392,"column":37}}]},"53":{"line":392,"type":"cond-expr","locations":[{"start":{"line":392,"column":31},"end":{"line":392,"column":33}},{"start":{"line":392,"column":36},"end":{"line":392,"column":37}}]},"54":{"line":394,"type":"binary-expr","locations":[{"start":{"line":394,"column":13},"end":{"line":394,"column":14}},{"start":{"line":394,"column":18},"end":{"line":394,"column":20}}]},"55":{"line":395,"type":"binary-expr","locations":[{"start":{"line":395,"column":13},"end":{"line":395,"column":14}},{"start":{"line":395,"column":18},"end":{"line":395,"column":20}}]},"56":{"line":396,"type":"if","locations":[{"start":{"line":396,"column":2},"end":{"line":396,"column":2}},{"start":{"line":396,"column":2},"end":{"line":396,"column":2}}]},"57":{"line":397,"type":"if","locations":[{"start":{"line":397,"column":2},"end":{"line":397,"column":2}},{"start":{"line":397,"column":2},"end":{"line":397,"column":2}}]},"58":{"line":405,"type":"if","locations":[{"start":{"line":405,"column":3},"end":{"line":405,"column":3}},{"start":{"line":405,"column":3},"end":{"line":405,"column":3}}]},"59":{"line":407,"type":"if","locations":[{"start":{"line":407,"column":4},"end":{"line":407,"column":4}},{"start":{"line":407,"column":4},"end":{"line":407,"column":4}}]},"60":{"line":423,"type":"binary-expr","locations":[{"start":{"line":423,"column":16},"end":{"line":423,"column":29}},{"start":{"line":423,"column":34},"end":{"line":423,"column":35}},{"start":{"line":423,"column":39},"end":{"line":423,"column":48}},{"start":{"line":423,"column":53},"end":{"line":425,"column":2}}]}}}}