TN:
SF:/home/msecret/Development/sifter.js/lib/sifter.js
FN:17,(anonymous_1)
FN:25,(anonymous_2)
FN:36,(anonymous_3)
FN:48,(anonymous_4)
FN:85,(anonymous_5)
FN:88,(anonymous_6)
FN:94,(anonymous_7)
FN:116,(anonymous_8)
FN:133,(anonymous_9)
FN:153,(anonymous_10)
FN:156,(anonymous_11)
FN:159,(anonymous_12)
FN:163,(anonymous_13)
FN:172,(anonymous_14)
FN:175,(anonymous_15)
FN:181,(anonymous_16)
FN:191,(anonymous_17)
FN:209,(anonymous_18)
FN:224,(anonymous_19)
FN:273,(anonymous_20)
FN:280,(anonymous_21)
FN:304,(anonymous_22)
FN:349,(anonymous_23)
FN:363,(anonymous_24)
FN:370,(anonymous_25)
FN:390,(anonymous_26)
FN:401,(anonymous_27)
FN:415,(anonymous_28)
FN:419,(anonymous_29)
FN:423,(anonymous_30)
FNF:30
FNH:25
FNDA:1,(anonymous_1)
FNDA:1,(anonymous_2)
FNDA:22,(anonymous_3)
FNDA:24,(anonymous_4)
FNDA:14,(anonymous_5)
FNDA:0,(anonymous_6)
FNDA:0,(anonymous_7)
FNDA:18,(anonymous_8)
FNDA:134,(anonymous_9)
FNDA:18,(anonymous_10)
FNDA:0,(anonymous_11)
FNDA:9,(anonymous_12)
FNDA:50,(anonymous_13)
FNDA:0,(anonymous_14)
FNDA:20,(anonymous_15)
FNDA:5,(anonymous_16)
FNDA:15,(anonymous_17)
FNDA:14,(anonymous_18)
FNDA:92,(anonymous_19)
FNDA:26,(anonymous_20)
FNDA:15,(anonymous_21)
FNDA:49,(anonymous_22)
FNDA:14,(anonymous_23)
FNDA:24,(anonymous_24)
FNDA:26,(anonymous_25)
FNDA:46,(anonymous_26)
FNDA:20,(anonymous_27)
FNDA:24,(anonymous_28)
FNDA:24,(anonymous_29)
FNDA:0,(anonymous_30)
DA:17,1
DA:18,1
DA:19,0
DA:20,1
DA:21,1
DA:23,0
DA:36,1
DA:37,22
DA:38,22
DA:48,1
DA:49,24
DA:50,24
DA:52,16
DA:53,16
DA:54,16
DA:56,16
DA:57,24
DA:58,24
DA:59,24
DA:60,264
DA:61,264
DA:65,24
DA:71,16
DA:85,1
DA:86,14
DA:87,14
DA:88,14
DA:89,0
DA:90,0
DA:94,0
DA:95,0
DA:96,0
DA:97,0
DA:103,14
DA:116,1
DA:117,18
DA:119,18
DA:120,18
DA:121,18
DA:122,18
DA:123,18
DA:133,18
DA:134,134
DA:136,134
DA:137,120
DA:138,120
DA:139,120
DA:140,29
DA:141,29
DA:142,29
DA:153,18
DA:154,18
DA:155,18
DA:156,0
DA:158,18
DA:159,10
DA:160,9
DA:163,8
DA:164,50
DA:165,125
DA:167,50
DA:171,18
DA:172,7
DA:174,11
DA:175,7
DA:176,20
DA:180,4
DA:181,1
DA:182,5
DA:183,5
DA:184,9
DA:185,9
DA:186,5
DA:188,1
DA:191,3
DA:192,15
DA:193,30
DA:195,15
DA:209,1
DA:210,14
DA:212,14
DA:213,14
DA:214,14
DA:224,14
DA:225,92
DA:226,86
DA:230,14
DA:231,14
DA:232,9
DA:233,12
DA:234,12
DA:241,14
DA:242,7
DA:243,7
DA:244,3
DA:245,1
DA:246,1
DA:249,7
DA:250,6
DA:253,7
DA:254,9
DA:255,0
DA:256,0
DA:261,14
DA:262,14
DA:263,18
DA:267,14
DA:268,14
DA:269,0
DA:270,14
DA:271,10
DA:272,10
DA:273,10
DA:274,26
DA:280,4
DA:281,15
DA:282,15
DA:283,20
DA:284,20
DA:288,20
DA:290,0
DA:304,1
DA:305,49
DA:307,20
DA:309,20
DA:310,20
DA:311,20
DA:313,20
DA:314,20
DA:315,20
DA:317,20
DA:349,1
DA:350,14
DA:351,14
DA:352,14
DA:354,14
DA:355,14
DA:356,14
DA:359,14
DA:362,14
DA:363,7
DA:364,24
DA:365,24
DA:366,10
DA:370,7
DA:371,26
DA:375,14
DA:376,14
DA:379,14
DA:380,14
DA:381,3
DA:384,14
DA:390,1
DA:391,46
DA:392,9
DA:394,37
DA:395,37
DA:396,37
DA:397,16
DA:398,5
DA:401,1
DA:402,20
DA:403,20
DA:404,20
DA:405,20
DA:406,19
DA:407,37
DA:408,37
DA:412,20
DA:415,1
DA:416,24
DA:419,1
DA:420,24
DA:423,1
DA:424,0
DA:427,1
DA:444,1
LF:177
LH:163
BRDA:18,1,0,0
BRDA:18,1,1,1
BRDA:18,2,0,1
BRDA:18,2,1,0
BRDA:20,3,0,1
BRDA:20,3,1,0
BRDA:38,4,0,22
BRDA:38,4,1,22
BRDA:49,5,0,24
BRDA:49,5,1,8
BRDA:50,6,0,8
BRDA:50,6,1,16
BRDA:50,7,0,24
BRDA:50,7,1,16
BRDA:58,8,0,24
BRDA:58,8,1,0
BRDA:60,9,0,264
BRDA:60,9,1,0
BRDA:87,10,0,14
BRDA:87,10,1,0
BRDA:88,11,0,14
BRDA:88,11,1,0
BRDA:96,12,0,0
BRDA:96,12,1,0
BRDA:136,13,0,14
BRDA:136,13,1,120
BRDA:137,14,0,120
BRDA:137,14,1,0
BRDA:139,15,0,91
BRDA:139,15,1,29
BRDA:141,16,0,25
BRDA:141,16,1,4
BRDA:155,17,0,0
BRDA:155,17,1,18
BRDA:158,18,0,10
BRDA:158,18,1,8
BRDA:171,19,0,7
BRDA:171,19,1,11
BRDA:174,20,0,7
BRDA:174,20,1,4
BRDA:180,21,0,1
BRDA:180,21,1,3
BRDA:185,22,0,4
BRDA:185,22,1,5
BRDA:214,23,0,14
BRDA:214,23,1,7
BRDA:214,23,2,13
BRDA:225,24,0,6
BRDA:225,24,1,86
BRDA:231,25,0,9
BRDA:231,25,1,5
BRDA:233,26,0,12
BRDA:233,26,1,0
BRDA:233,27,0,12
BRDA:233,27,1,9
BRDA:241,28,0,7
BRDA:241,28,1,7
BRDA:244,29,0,1
BRDA:244,29,1,2
BRDA:249,30,0,6
BRDA:249,30,1,1
BRDA:254,31,0,0
BRDA:254,31,1,9
BRDA:263,32,0,8
BRDA:263,32,1,10
BRDA:268,33,0,0
BRDA:268,33,1,14
BRDA:270,34,0,10
BRDA:270,34,1,4
BRDA:288,35,0,15
BRDA:288,35,1,5
BRDA:305,36,0,29
BRDA:305,36,1,20
BRDA:313,37,0,10
BRDA:313,37,1,10
BRDA:313,38,0,20
BRDA:313,38,1,19
BRDA:314,39,0,3
BRDA:314,39,1,17
BRDA:314,40,0,20
BRDA:314,40,1,10
BRDA:315,41,0,2
BRDA:315,41,1,18
BRDA:315,42,0,20
BRDA:315,42,1,2
BRDA:319,43,0,20
BRDA:319,43,1,7
BRDA:359,44,0,14
BRDA:359,44,1,14
BRDA:362,45,0,7
BRDA:362,45,1,7
BRDA:365,46,0,10
BRDA:365,46,1,14
BRDA:365,47,0,24
BRDA:365,47,1,21
BRDA:376,48,0,14
BRDA:376,48,1,0
BRDA:380,49,0,3
BRDA:380,49,1,11
BRDA:391,50,0,9
BRDA:391,50,1,37
BRDA:391,51,0,46
BRDA:391,51,1,9
BRDA:392,52,0,5
BRDA:392,52,1,4
BRDA:392,53,0,2
BRDA:392,53,1,2
BRDA:394,54,0,37
BRDA:394,54,1,0
BRDA:395,55,0,37
BRDA:395,55,1,0
BRDA:396,56,0,21
BRDA:396,56,1,16
BRDA:397,57,0,11
BRDA:397,57,1,5
BRDA:405,58,0,1
BRDA:405,58,1,19
BRDA:407,59,0,37
BRDA:407,59,1,0
BRDA:423,60,0,1
BRDA:423,60,1,0
BRDA:423,60,2,0
BRDA:423,60,3,0
BRF:123
BRH:102
end_of_record
